<?xml version="1.0" encoding="utf-8"?><testsuites><testsuite name="pytest" errors="0" failures="0" skipped="0" tests="4" time="5.573" timestamp="2024-03-09T21:24:49.867180" hostname="SHREYAA_PRAKASH"><testcase classname="tests.TestRPSGame" name="test_ui_elements" time="1.588" /><testcase classname="tests.TestRPSGame" name="test_winner_check_bot_wins" time="0.681" /><testcase classname="tests.TestRPSGame" name="test_winner_check_player_wins" time="0.657" /><testcase classname="tests.TestRPSGame" name="test_winner_check_tie" time="0.683" /></testsuite></testsuites>