<?xml version="1.0" encoding="utf-8"?><testsuites><testsuite name="pytest" errors="0" failures="0" skipped="0" tests="5" time="4.820" timestamp="2024-03-09T21:08:28.930928" hostname="SHREYAA_PRAKASH"><testcase classname="tests.TestRPSImageLoader" name="test_images_loaded" time="0.228" /><testcase classname="tests.TestRPSGame" name="test_ui_elements" time="1.568" /><testcase classname="tests.TestRPSGame" name="test_winner_check_bot_wins" time="0.700" /><testcase classname="tests.TestRPSGame" name="test_winner_check_player_wins" time="0.641" /><testcase classname="tests.TestRPSGame" name="test_winner_check_tie" time="0.695" /></testsuite></testsuites>