<?xml version="1.0" encoding="utf-8"?><testsuites><testsuite name="pytest" errors="0" failures="0" skipped="0" tests="4" time="5.557" timestamp="2024-03-09T21:41:52.766631" hostname="SHREYAA_PRAKASH"><testcase classname="tests.TestRPSGame" name="test_ui_elements" time="1.945" /><testcase classname="tests.TestRPSGame" name="test_winner_check_bot_wins" time="0.685" /><testcase classname="tests.TestRPSGame" name="test_winner_check_player_wins" time="0.660" /><testcase classname="tests.TestRPSGame" name="test_winner_check_tie" time="0.686" /></testsuite></testsuites>